<?xml version="1.0" encoding="UTF-8"?>
<testsuite name="com.example.devsecops2.Devsecops2ApplicationTests" tests="1" skipped="0" failures="0" errors="0" timestamp="2025-04-20T08:33:56.499Z" hostname="WANGdeMacBook-Air-2.local" time="0.87">
  <properties/>
  <testcase name="contextLoads()" classname="com.example.devsecops2.Devsecops2ApplicationTests" time="0.87"/>
  <system-out><![CDATA[10:33:54.629 [Test worker] INFO org.springframework.test.context.support.AnnotationConfigContextLoaderUtils -- Could not detect default configuration classes for test class [com.example.devsecops2.Devsecops2ApplicationTests]: Devsecops2ApplicationTests does not declare any static, non-private, non-final, nested classes annotated with @Configuration.
10:33:54.761 [Test worker] INFO org.springframework.boot.test.context.SpringBootTestContextBootstrapper -- Found @SpringBootConfiguration com.example.devsecops2.Devsecops2Application for test class com.example.devsecops2.Devsecops2ApplicationTests

  .   ____          _            __ _ _
 /\\ / ___'_ __ _ _(_)_ __  __ _ \ \ \ \
( ( )\___ | '_ | '_| | '_ \/ _` | \ \ \ \
 \\/  ___)| |_)| | | | | || (_| |  ) ) ) )
  '  |____| .__|_| |_|_| |_\__, | / / / /
 =========|_|==============|___/=/_/_/_/

 :: Spring Boot ::                (v3.4.3)

2025-04-20T10:33:55.162+02:00  INFO 6198 --- [devsecops2] [    Test worker] c.e.d.Devsecops2ApplicationTests         : Starting Devsecops2ApplicationTests using Java 21.0.2 with PID 6198 (started by mihu in /Users/mihu/Downloads/devsecops2)
2025-04-20T10:33:55.164+02:00  INFO 6198 --- [devsecops2] [    Test worker] c.e.d.Devsecops2ApplicationTests         : No active profile set, falling back to 1 default profile: "default"
2025-04-20T10:33:56.490+02:00  INFO 6198 --- [devsecops2] [    Test worker] c.e.d.Devsecops2ApplicationTests         : Started Devsecops2ApplicationTests in 1.603 seconds (process running for 3.256)
]]></system-out>
  <system-err><![CDATA[Mockito is currently self-attaching to enable the inline-mock-maker. This will no longer work in future releases of the JDK. Please add Mockito as an agent to your build what is described in Mockito's documentation: https://javadoc.io/doc/org.mockito/mockito-core/latest/org/mockito/Mockito.html#0.3
WARNING: A Java agent has been loaded dynamically (/Users/mihu/.gradle/caches/modules-2/files-2.1/net.bytebuddy/byte-buddy-agent/1.15.11/a38b16385e867f59a641330f0362ebe742788ed8/byte-buddy-agent-1.15.11.jar)
WARNING: If a serviceability tool is in use, please run with -XX:+EnableDynamicAgentLoading to hide this warning
WARNING: If a serviceability tool is not in use, please run with -Djdk.instrument.traceUsage for more information
WARNING: Dynamic loading of agents will be disallowed by default in a future release
]]></system-err>
</testsuite>
